{"14cd2e71029d350d58b7c57f169a4d47":{"statistic":{"failed":0,"broken":1,"skipped":0,"passed":0,"unknown":0,"total":1},"items":[{"uid":"208b49225d3657aa","status":"broken","statusDetails":"selenium.common.exceptions.StaleElementReferenceException: Message: stale element reference: stale element not found in the current frame\n  (Session info: chrome=143.0.7499.169); For documentation on this error, please visit: https://www.selenium.dev/documentation/webdriver/troubleshooting/errors#staleelementreferenceexception\nStacktrace:\n#0 0x558b6cd3161a <unknown>\n#1 0x558b6c7ae20b <unknown>\n#2 0x558b6c7b4f5f <unknown>\n#3 0x558b6c7b75f4 <unknown>\n#4 0x558b6c7b76c3 <unknown>\n#5 0x558b6c80160b <unknown>\n#6 0x558b6c800782 <unknown>\n#7 0x558b6c7f453e <unknown>\n#8 0x558b6c7f3a67 <unknown>\n#9 0x558b6c84b20e <unknown>\n#10 0x558b6c7f2232 <unknown>\n#11 0x558b6c7f2ee1 <unknown>\n#12 0x558b6ccfa3f9 <unknown>\n#13 0x558b6ccfd34d <unknown>\n#14 0x558b6cce3122 <unknown>\n#15 0x558b6ccfdf2b <unknown>\n#16 0x558b6ccc9c30 <unknown>\n#17 0x558b6cd1ed78 <unknown>\n#18 0x558b6cd1ef4c <unknown>\n#19 0x558b6cd30973 <unknown>\n#20 0x7f8cd969caa4 <unknown>\n#21 0x7f8cd9729c6c <unknown>","time":{"start":1766098017470,"stop":1766098019676,"duration":2206}}]},"491364aec963bf67aa2ca938078635ca":{"statistic":{"failed":0,"broken":0,"skipped":1,"passed":0,"unknown":0,"total":1},"items":[{"uid":"98b25f315294a15b","status":"skipped","statusDetails":"Skipped: Skipping this test for now","time":{"start":1766098017057,"stop":1766098017057,"duration":0}}]},"062add3c381e654483f13d75cb786246":{"statistic":{"failed":0,"broken":0,"skipped":0,"passed":1,"unknown":0,"total":1},"items":[{"uid":"bc1e0bfee41d2c44","status":"passed","time":{"start":1766098004253,"stop":1766098006550,"duration":2297}}]},"08b79ab535fa90f675fc06b557a06b30":{"statistic":{"failed":0,"broken":0,"skipped":0,"passed":1,"unknown":0,"total":1},"items":[{"uid":"aa145cd3a62abde2","status":"passed","time":{"start":1766098030361,"stop":1766098032477,"duration":2116}}]},"0402444b5f7c6e7ab6591eecf73c0291":{"statistic":{"failed":0,"broken":1,"skipped":0,"passed":0,"unknown":0,"total":1},"items":[{"uid":"8d7a6b626186145b","status":"broken","statusDetails":"selenium.common.exceptions.ElementClickInterceptedException: Message: element click intercepted: Element <span class=\"text-sm font-medium text-slate-900 dark:text-slate-100\">...</span> is not clickable at point (120, 10). Other element would receive the click: <nav class=\"bg-slate-50 dark:bg-slate-900 border-b border-slate-200 dark:border-slate-700 px-6 py-3\">...</nav>\n  (Session info: chrome=143.0.7499.169); For documentation on this error, please visit: https://www.selenium.dev/documentation/webdriver/troubleshooting/errors#elementclickinterceptedexception\nStacktrace:\n#0 0x562ef750c61a <unknown>\n#1 0x562ef6f8920b <unknown>\n#2 0x562ef6fe1694 <unknown>\n#3 0x562ef6fdf558 <unknown>\n#4 0x562ef6fdcc7a <unknown>\n#5 0x562ef6fdbdb9 <unknown>\n#6 0x562ef6fcf0c2 <unknown>\n#7 0x562ef6fcea67 <unknown>\n#8 0x562ef702620e <unknown>\n#9 0x562ef6fcd232 <unknown>\n#10 0x562ef6fcdee1 <unknown>\n#11 0x562ef74d53f9 <unknown>\n#12 0x562ef74d834d <unknown>\n#13 0x562ef74be122 <unknown>\n#14 0x562ef74d8f2b <unknown>\n#15 0x562ef74a4c30 <unknown>\n#16 0x562ef74f9d78 <unknown>\n#17 0x562ef74f9f4c <unknown>\n#18 0x562ef750b973 <unknown>\n#19 0x7f5a41c9caa4 <unknown>\n#20 0x7f5a41d29c6c <unknown>","time":{"start":1766098027136,"stop":1766098029917,"duration":2781}}]},"3d615869028ea0a6921c56843636533b":{"statistic":{"failed":0,"broken":0,"skipped":0,"passed":1,"unknown":0,"total":1},"items":[{"uid":"704d72a39d863550","status":"passed","time":{"start":1766098007020,"stop":1766098010440,"duration":3420}}]},"8061e4bb771571a9f58892450aee0149":{"statistic":{"failed":0,"broken":0,"skipped":0,"passed":1,"unknown":0,"total":1},"items":[{"uid":"d358bb2fcf30ae2f","status":"passed","time":{"start":1766098010922,"stop":1766098017053,"duration":6131}}]},"693671967e84f02efcea14bd9e0f8e7a":{"statistic":{"failed":0,"broken":0,"skipped":0,"passed":1,"unknown":0,"total":1},"items":[{"uid":"7aa35cf0dd1eeeef","status":"passed","time":{"start":1766098002048,"stop":1766098003765,"duration":1717}}]},"c17159a49530439b1f8af33b136d4d4a":{"statistic":{"failed":0,"broken":1,"skipped":0,"passed":0,"unknown":0,"total":1},"items":[{"uid":"e8305a6abf95f3e1","status":"broken","statusDetails":"selenium.common.exceptions.ElementClickInterceptedException: Message: element click intercepted: Element <span class=\"text-sm font-medium text-slate-900 dark:text-slate-100\">...</span> is not clickable at point (120, 10). Other element would receive the click: <nav class=\"bg-slate-50 dark:bg-slate-900 border-b border-slate-200 dark:border-slate-700 px-6 py-3\">...</nav>\n  (Session info: chrome=143.0.7499.169); For documentation on this error, please visit: https://www.selenium.dev/documentation/webdriver/troubleshooting/errors#elementclickinterceptedexception\nStacktrace:\n#0 0x55f46dc5f61a <unknown>\n#1 0x55f46d6dc20b <unknown>\n#2 0x55f46d734694 <unknown>\n#3 0x55f46d732558 <unknown>\n#4 0x55f46d72fc7a <unknown>\n#5 0x55f46d72edb9 <unknown>\n#6 0x55f46d7220c2 <unknown>\n#7 0x55f46d721a67 <unknown>\n#8 0x55f46d77920e <unknown>\n#9 0x55f46d720232 <unknown>\n#10 0x55f46d720ee1 <unknown>\n#11 0x55f46dc283f9 <unknown>\n#12 0x55f46dc2b34d <unknown>\n#13 0x55f46dc11122 <unknown>\n#14 0x55f46dc2bf2b <unknown>\n#15 0x55f46dbf7c30 <unknown>\n#16 0x55f46dc4cd78 <unknown>\n#17 0x55f46dc4cf4c <unknown>\n#18 0x55f46dc5e973 <unknown>\n#19 0x7f30af49caa4 <unknown>\n#20 0x7f30af529c6c <unknown>","time":{"start":1766098020234,"stop":1766098023253,"duration":3019}}]},"0bf2fc3afbc4b284f299252ff408ac47":{"statistic":{"failed":0,"broken":0,"skipped":1,"passed":0,"unknown":0,"total":1},"items":[{"uid":"5aa8159f9c35c584","status":"skipped","statusDetails":"Skipped: Skipping this test for now","time":{"start":1766098017055,"stop":1766098017055,"duration":0}}]},"55eed29b29b79857c0a0d2fa64d65b3d":{"statistic":{"failed":0,"broken":0,"skipped":1,"passed":0,"unknown":0,"total":1},"items":[{"uid":"34b25d84c9513b59","status":"skipped","statusDetails":"Skipped: Skipping this test for now","time":{"start":1766098017059,"stop":1766098017059,"duration":0}}]},"cc108e9dc7ef0ae2e720127f85a39c8f":{"statistic":{"failed":0,"broken":1,"skipped":0,"passed":0,"unknown":0,"total":1},"items":[{"uid":"b58a4f5cfae152ac","status":"broken","statusDetails":"selenium.common.exceptions.ElementClickInterceptedException: Message: element click intercepted: Element <span class=\"text-sm font-medium text-slate-900 dark:text-slate-100\">...</span> is not clickable at point (120, 10). Other element would receive the click: <nav class=\"bg-slate-50 dark:bg-slate-900 border-b border-slate-200 dark:border-slate-700 px-6 py-3\">...</nav>\n  (Session info: chrome=143.0.7499.169); For documentation on this error, please visit: https://www.selenium.dev/documentation/webdriver/troubleshooting/errors#elementclickinterceptedexception\nStacktrace:\n#0 0x557c722de61a <unknown>\n#1 0x557c71d5b20b <unknown>\n#2 0x557c71db3694 <unknown>\n#3 0x557c71db1558 <unknown>\n#4 0x557c71daec7a <unknown>\n#5 0x557c71daddb9 <unknown>\n#6 0x557c71da10c2 <unknown>\n#7 0x557c71da0a67 <unknown>\n#8 0x557c71df820e <unknown>\n#9 0x557c71d9f232 <unknown>\n#10 0x557c71d9fee1 <unknown>\n#11 0x557c722a73f9 <unknown>\n#12 0x557c722aa34d <unknown>\n#13 0x557c72290122 <unknown>\n#14 0x557c722aaf2b <unknown>\n#15 0x557c72276c30 <unknown>\n#16 0x557c722cbd78 <unknown>\n#17 0x557c722cbf4c <unknown>\n#18 0x557c722dd973 <unknown>\n#19 0x7fc72769caa4 <unknown>\n#20 0x7fc727729c6c <unknown>","time":{"start":1766098023726,"stop":1766098026661,"duration":2935}}]}}