{"uid":"208b49225d3657aa","name":"test_login","fullName":"test_T08Filters.Test_Filter#test_login","historyId":"14cd2e71029d350d58b7c57f169a4d47","time":{"start":1766098017470,"stop":1766098019676,"duration":2206},"status":"broken","statusMessage":"selenium.common.exceptions.StaleElementReferenceException: Message: stale element reference: stale element not found in the current frame\n  (Session info: chrome=143.0.7499.169); For documentation on this error, please visit: https://www.selenium.dev/documentation/webdriver/troubleshooting/errors#staleelementreferenceexception\nStacktrace:\n#0 0x558b6cd3161a <unknown>\n#1 0x558b6c7ae20b <unknown>\n#2 0x558b6c7b4f5f <unknown>\n#3 0x558b6c7b75f4 <unknown>\n#4 0x558b6c7b76c3 <unknown>\n#5 0x558b6c80160b <unknown>\n#6 0x558b6c800782 <unknown>\n#7 0x558b6c7f453e <unknown>\n#8 0x558b6c7f3a67 <unknown>\n#9 0x558b6c84b20e <unknown>\n#10 0x558b6c7f2232 <unknown>\n#11 0x558b6c7f2ee1 <unknown>\n#12 0x558b6ccfa3f9 <unknown>\n#13 0x558b6ccfd34d <unknown>\n#14 0x558b6cce3122 <unknown>\n#15 0x558b6ccfdf2b <unknown>\n#16 0x558b6ccc9c30 <unknown>\n#17 0x558b6cd1ed78 <unknown>\n#18 0x558b6cd1ef4c <unknown>\n#19 0x558b6cd30973 <unknown>\n#20 0x7f8cd969caa4 <unknown>\n#21 0x7f8cd9729c6c <unknown>","statusTrace":"self = <testScripts.test_T08Filters.Test_Filter object at 0x7f9b92c85990>\nsetup = <selenium.webdriver.chrome.webdriver.WebDriver (session=\"5a31506dbb87675104e91541de898627\")>\n\n    def test_login(self, setup):\n        self.nwccu = setup\n        self.login(self.nwccu)\n        self.logger.info(\"******** Verifying Login Test ********\")\n        self.logger.info(\"******** Define the LoginPage Driver ********\")\n        self.ftr = FiltersPage(self.nwccu)\n        self.quk = QuickActionsPage(self.nwccu)\n    \n        self.ftr.dashboardHome()\n>       self.quk.activityLog()\n\ntestScripts/test_T08Filters.py:22: \n_ _ _ _ _ _ _ _ _ _ _ _ _ _ _ _ _ _ _ _ _ _ _ _ _ _ _ _ _ _ _ _ _ _ _ _ _ _ _ _ \nPages/QuickActionsPage.py:11: in activityLog\n    WebDriverWait(self.nwccu, 10).until(EC.element_to_be_clickable((By.XPATH, \"//body/main/div/div/aside/div[2]/div/a[1]/span\"))).click()\n/opt/hostedtoolcache/Python/3.11.14/x64/lib/python3.11/site-packages/selenium/webdriver/remote/webelement.py:114: in click\n    self._execute(Command.CLICK_ELEMENT)\n/opt/hostedtoolcache/Python/3.11.14/x64/lib/python3.11/site-packages/selenium/webdriver/remote/webelement.py:508: in _execute\n    return self._parent.execute(command, params)\n           ^^^^^^^^^^^^^^^^^^^^^^^^^^^^^^^^^^^^^\n/opt/hostedtoolcache/Python/3.11.14/x64/lib/python3.11/site-packages/selenium/webdriver/remote/webdriver.py:432: in execute\n    self.error_handler.check_response(response)\n_ _ _ _ _ _ _ _ _ _ _ _ _ _ _ _ _ _ _ _ _ _ _ _ _ _ _ _ _ _ _ _ _ _ _ _ _ _ _ _ \n\nself = <selenium.webdriver.remote.errorhandler.ErrorHandler object at 0x7f9b917fb590>\nresponse = {'status': 404, 'value': '{\"value\":{\"error\":\"stale element reference\",\"message\":\"stale element reference: stale elemen...\\\\n#19 0x558b6cd30973 \\\\u003Cunknown>\\\\n#20 0x7f8cd969caa4 \\\\u003Cunknown>\\\\n#21 0x7f8cd9729c6c \\\\u003Cunknown>\\\\n\"}}'}\n\n    def check_response(self, response: dict[str, Any]) -> None:\n        \"\"\"Check that a JSON response from the WebDriver does not have an error.\n    \n        Args:\n            response: The JSON response from the WebDriver server as a dictionary\n                object.\n    \n        Raises:\n            WebDriverException: If the response contains an error message.\n        \"\"\"\n        status = response.get(\"status\", None)\n        if not status or status == ErrorCode.SUCCESS:\n            return\n        value = None\n        message = response.get(\"message\", \"\")\n        screen: str = response.get(\"screen\", \"\")\n        stacktrace = None\n        if isinstance(status, int):\n            value_json = response.get(\"value\", None)\n            if value_json and isinstance(value_json, str):\n                try:\n                    value = json.loads(value_json)\n                    if isinstance(value, dict):\n                        if len(value) == 1:\n                            value = value[\"value\"]\n                        status = value.get(\"error\", None)\n                        if not status:\n                            status = value.get(\"status\", ErrorCode.UNKNOWN_ERROR)\n                            message = value.get(\"value\") or value.get(\"message\")\n                            if not isinstance(message, str):\n                                value = message\n                                message = message.get(\"message\") if isinstance(message, dict) else None\n                        else:\n                            message = value.get(\"message\", None)\n                except ValueError:\n                    pass\n    \n        exception_class: type[WebDriverException]\n        e = ErrorCode()\n        error_codes = [item for item in dir(e) if not item.startswith(\"__\")]\n        for error_code in error_codes:\n            error_info = getattr(ErrorCode, error_code)\n            if isinstance(error_info, list) and status in error_info:\n                exception_class = getattr(ExceptionMapping, error_code, WebDriverException)\n                break\n        else:\n            exception_class = WebDriverException\n    \n        if not value:\n            value = response[\"value\"]\n        if isinstance(value, str):\n            raise exception_class(value)\n        if message == \"\" and \"message\" in value:\n            message = value[\"message\"]\n    \n        screen = None  # type: ignore[assignment]\n        if \"screen\" in value:\n            screen = value[\"screen\"]\n    \n        stacktrace = None\n        st_value = value.get(\"stackTrace\") or value.get(\"stacktrace\")\n        if st_value:\n            if isinstance(st_value, str):\n                stacktrace = st_value.split(\"\\n\")\n            else:\n                stacktrace = []\n                try:\n                    for frame in st_value:\n                        line = frame.get(\"lineNumber\", \"\")\n                        file = frame.get(\"fileName\", \"<anonymous>\")\n                        if line:\n                            file = f\"{file}:{line}\"\n                        meth = frame.get(\"methodName\", \"<anonymous>\")\n                        if \"className\" in frame:\n                            meth = f\"{frame['className']}.{meth}\"\n                        msg = \"    at %s (%s)\"\n                        msg = msg % (meth, file)\n                        stacktrace.append(msg)\n                except TypeError:\n                    pass\n        if exception_class == UnexpectedAlertPresentException:\n            alert_text = None\n            if \"data\" in value:\n                alert_text = value[\"data\"].get(\"text\")\n            elif \"alert\" in value:\n                alert_text = value[\"alert\"].get(\"text\")\n            raise exception_class(message, screen, stacktrace, alert_text)  # type: ignore[call-arg]  # mypy is not smart enough here\n>       raise exception_class(message, screen, stacktrace)\nE       selenium.common.exceptions.StaleElementReferenceException: Message: stale element reference: stale element not found in the current frame\nE         (Session info: chrome=143.0.7499.169); For documentation on this error, please visit: https://www.selenium.dev/documentation/webdriver/troubleshooting/errors#staleelementreferenceexception\nE       Stacktrace:\nE       #0 0x558b6cd3161a <unknown>\nE       #1 0x558b6c7ae20b <unknown>\nE       #2 0x558b6c7b4f5f <unknown>\nE       #3 0x558b6c7b75f4 <unknown>\nE       #4 0x558b6c7b76c3 <unknown>\nE       #5 0x558b6c80160b <unknown>\nE       #6 0x558b6c800782 <unknown>\nE       #7 0x558b6c7f453e <unknown>\nE       #8 0x558b6c7f3a67 <unknown>\nE       #9 0x558b6c84b20e <unknown>\nE       #10 0x558b6c7f2232 <unknown>\nE       #11 0x558b6c7f2ee1 <unknown>\nE       #12 0x558b6ccfa3f9 <unknown>\nE       #13 0x558b6ccfd34d <unknown>\nE       #14 0x558b6cce3122 <unknown>\nE       #15 0x558b6ccfdf2b <unknown>\nE       #16 0x558b6ccc9c30 <unknown>\nE       #17 0x558b6cd1ed78 <unknown>\nE       #18 0x558b6cd1ef4c <unknown>\nE       #19 0x558b6cd30973 <unknown>\nE       #20 0x7f8cd969caa4 <unknown>\nE       #21 0x7f8cd9729c6c <unknown>\n\n/opt/hostedtoolcache/Python/3.11.14/x64/lib/python3.11/site-packages/selenium/webdriver/remote/errorhandler.py:232: StaleElementReferenceException","flaky":false,"newFailed":false,"newBroken":false,"newPassed":false,"retriesCount":0,"retriesStatusChange":false,"beforeStages":[{"name":"browser","time":{"start":1766098017061,"stop":1766098017061,"duration":0},"status":"passed","steps":[],"attachments":[],"parameters":[],"shouldDisplayMessage":false,"stepsCount":0,"attachmentsCount":0,"hasContent":false,"attachmentStep":false},{"name":"setup","time":{"start":1766098017061,"stop":1766098017469,"duration":408},"status":"passed","steps":[],"attachments":[],"parameters":[],"shouldDisplayMessage":false,"stepsCount":0,"attachmentsCount":0,"hasContent":false,"attachmentStep":false}],"testStage":{"status":"broken","statusMessage":"selenium.common.exceptions.StaleElementReferenceException: Message: stale element reference: stale element not found in the current frame\n  (Session info: chrome=143.0.7499.169); For documentation on this error, please visit: https://www.selenium.dev/documentation/webdriver/troubleshooting/errors#staleelementreferenceexception\nStacktrace:\n#0 0x558b6cd3161a <unknown>\n#1 0x558b6c7ae20b <unknown>\n#2 0x558b6c7b4f5f <unknown>\n#3 0x558b6c7b75f4 <unknown>\n#4 0x558b6c7b76c3 <unknown>\n#5 0x558b6c80160b <unknown>\n#6 0x558b6c800782 <unknown>\n#7 0x558b6c7f453e <unknown>\n#8 0x558b6c7f3a67 <unknown>\n#9 0x558b6c84b20e <unknown>\n#10 0x558b6c7f2232 <unknown>\n#11 0x558b6c7f2ee1 <unknown>\n#12 0x558b6ccfa3f9 <unknown>\n#13 0x558b6ccfd34d <unknown>\n#14 0x558b6cce3122 <unknown>\n#15 0x558b6ccfdf2b <unknown>\n#16 0x558b6ccc9c30 <unknown>\n#17 0x558b6cd1ed78 <unknown>\n#18 0x558b6cd1ef4c <unknown>\n#19 0x558b6cd30973 <unknown>\n#20 0x7f8cd969caa4 <unknown>\n#21 0x7f8cd9729c6c <unknown>","statusTrace":"self = <testScripts.test_T08Filters.Test_Filter object at 0x7f9b92c85990>\nsetup = <selenium.webdriver.chrome.webdriver.WebDriver (session=\"5a31506dbb87675104e91541de898627\")>\n\n    def test_login(self, setup):\n        self.nwccu = setup\n        self.login(self.nwccu)\n        self.logger.info(\"******** Verifying Login Test ********\")\n        self.logger.info(\"******** Define the LoginPage Driver ********\")\n        self.ftr = FiltersPage(self.nwccu)\n        self.quk = QuickActionsPage(self.nwccu)\n    \n        self.ftr.dashboardHome()\n>       self.quk.activityLog()\n\ntestScripts/test_T08Filters.py:22: \n_ _ _ _ _ _ _ _ _ _ _ _ _ _ _ _ _ _ _ _ _ _ _ _ _ _ _ _ _ _ _ _ _ _ _ _ _ _ _ _ \nPages/QuickActionsPage.py:11: in activityLog\n    WebDriverWait(self.nwccu, 10).until(EC.element_to_be_clickable((By.XPATH, \"//body/main/div/div/aside/div[2]/div/a[1]/span\"))).click()\n/opt/hostedtoolcache/Python/3.11.14/x64/lib/python3.11/site-packages/selenium/webdriver/remote/webelement.py:114: in click\n    self._execute(Command.CLICK_ELEMENT)\n/opt/hostedtoolcache/Python/3.11.14/x64/lib/python3.11/site-packages/selenium/webdriver/remote/webelement.py:508: in _execute\n    return self._parent.execute(command, params)\n           ^^^^^^^^^^^^^^^^^^^^^^^^^^^^^^^^^^^^^\n/opt/hostedtoolcache/Python/3.11.14/x64/lib/python3.11/site-packages/selenium/webdriver/remote/webdriver.py:432: in execute\n    self.error_handler.check_response(response)\n_ _ _ _ _ _ _ _ _ _ _ _ _ _ _ _ _ _ _ _ _ _ _ _ _ _ _ _ _ _ _ _ _ _ _ _ _ _ _ _ \n\nself = <selenium.webdriver.remote.errorhandler.ErrorHandler object at 0x7f9b917fb590>\nresponse = {'status': 404, 'value': '{\"value\":{\"error\":\"stale element reference\",\"message\":\"stale element reference: stale elemen...\\\\n#19 0x558b6cd30973 \\\\u003Cunknown>\\\\n#20 0x7f8cd969caa4 \\\\u003Cunknown>\\\\n#21 0x7f8cd9729c6c \\\\u003Cunknown>\\\\n\"}}'}\n\n    def check_response(self, response: dict[str, Any]) -> None:\n        \"\"\"Check that a JSON response from the WebDriver does not have an error.\n    \n        Args:\n            response: The JSON response from the WebDriver server as a dictionary\n                object.\n    \n        Raises:\n            WebDriverException: If the response contains an error message.\n        \"\"\"\n        status = response.get(\"status\", None)\n        if not status or status == ErrorCode.SUCCESS:\n            return\n        value = None\n        message = response.get(\"message\", \"\")\n        screen: str = response.get(\"screen\", \"\")\n        stacktrace = None\n        if isinstance(status, int):\n            value_json = response.get(\"value\", None)\n            if value_json and isinstance(value_json, str):\n                try:\n                    value = json.loads(value_json)\n                    if isinstance(value, dict):\n                        if len(value) == 1:\n                            value = value[\"value\"]\n                        status = value.get(\"error\", None)\n                        if not status:\n                            status = value.get(\"status\", ErrorCode.UNKNOWN_ERROR)\n                            message = value.get(\"value\") or value.get(\"message\")\n                            if not isinstance(message, str):\n                                value = message\n                                message = message.get(\"message\") if isinstance(message, dict) else None\n                        else:\n                            message = value.get(\"message\", None)\n                except ValueError:\n                    pass\n    \n        exception_class: type[WebDriverException]\n        e = ErrorCode()\n        error_codes = [item for item in dir(e) if not item.startswith(\"__\")]\n        for error_code in error_codes:\n            error_info = getattr(ErrorCode, error_code)\n            if isinstance(error_info, list) and status in error_info:\n                exception_class = getattr(ExceptionMapping, error_code, WebDriverException)\n                break\n        else:\n            exception_class = WebDriverException\n    \n        if not value:\n            value = response[\"value\"]\n        if isinstance(value, str):\n            raise exception_class(value)\n        if message == \"\" and \"message\" in value:\n            message = value[\"message\"]\n    \n        screen = None  # type: ignore[assignment]\n        if \"screen\" in value:\n            screen = value[\"screen\"]\n    \n        stacktrace = None\n        st_value = value.get(\"stackTrace\") or value.get(\"stacktrace\")\n        if st_value:\n            if isinstance(st_value, str):\n                stacktrace = st_value.split(\"\\n\")\n            else:\n                stacktrace = []\n                try:\n                    for frame in st_value:\n                        line = frame.get(\"lineNumber\", \"\")\n                        file = frame.get(\"fileName\", \"<anonymous>\")\n                        if line:\n                            file = f\"{file}:{line}\"\n                        meth = frame.get(\"methodName\", \"<anonymous>\")\n                        if \"className\" in frame:\n                            meth = f\"{frame['className']}.{meth}\"\n                        msg = \"    at %s (%s)\"\n                        msg = msg % (meth, file)\n                        stacktrace.append(msg)\n                except TypeError:\n                    pass\n        if exception_class == UnexpectedAlertPresentException:\n            alert_text = None\n            if \"data\" in value:\n                alert_text = value[\"data\"].get(\"text\")\n            elif \"alert\" in value:\n                alert_text = value[\"alert\"].get(\"text\")\n            raise exception_class(message, screen, stacktrace, alert_text)  # type: ignore[call-arg]  # mypy is not smart enough here\n>       raise exception_class(message, screen, stacktrace)\nE       selenium.common.exceptions.StaleElementReferenceException: Message: stale element reference: stale element not found in the current frame\nE         (Session info: chrome=143.0.7499.169); For documentation on this error, please visit: https://www.selenium.dev/documentation/webdriver/troubleshooting/errors#staleelementreferenceexception\nE       Stacktrace:\nE       #0 0x558b6cd3161a <unknown>\nE       #1 0x558b6c7ae20b <unknown>\nE       #2 0x558b6c7b4f5f <unknown>\nE       #3 0x558b6c7b75f4 <unknown>\nE       #4 0x558b6c7b76c3 <unknown>\nE       #5 0x558b6c80160b <unknown>\nE       #6 0x558b6c800782 <unknown>\nE       #7 0x558b6c7f453e <unknown>\nE       #8 0x558b6c7f3a67 <unknown>\nE       #9 0x558b6c84b20e <unknown>\nE       #10 0x558b6c7f2232 <unknown>\nE       #11 0x558b6c7f2ee1 <unknown>\nE       #12 0x558b6ccfa3f9 <unknown>\nE       #13 0x558b6ccfd34d <unknown>\nE       #14 0x558b6cce3122 <unknown>\nE       #15 0x558b6ccfdf2b <unknown>\nE       #16 0x558b6ccc9c30 <unknown>\nE       #17 0x558b6cd1ed78 <unknown>\nE       #18 0x558b6cd1ef4c <unknown>\nE       #19 0x558b6cd30973 <unknown>\nE       #20 0x7f8cd969caa4 <unknown>\nE       #21 0x7f8cd9729c6c <unknown>\n\n/opt/hostedtoolcache/Python/3.11.14/x64/lib/python3.11/site-packages/selenium/webdriver/remote/errorhandler.py:232: StaleElementReferenceException","steps":[],"attachments":[{"uid":"b9e5eeef3cfd4e5","name":"log","source":"b9e5eeef3cfd4e5.txt","type":"text/plain","size":632}],"parameters":[],"shouldDisplayMessage":true,"stepsCount":0,"attachmentsCount":1,"hasContent":true,"attachmentStep":false},"afterStages":[],"labels":[{"name":"suite","value":"test_T08Filters"},{"name":"subSuite","value":"Test_Filter"},{"name":"host","value":"runnervmh13bl"},{"name":"thread","value":"2572-MainThread"},{"name":"framework","value":"pytest"},{"name":"language","value":"cpython3"},{"name":"package","value":"test_T08Filters"},{"name":"resultFormat","value":"allure2"}],"parameters":[],"links":[],"hidden":false,"retry":false,"extra":{"severity":"normal","retries":[],"categories":[{"name":"Test defects","matchedStatuses":[],"flaky":false}],"tags":[]},"source":"208b49225d3657aa.json","parameterValues":[]}