{"uid":"8d7a6b626186145b","name":"test_login","fullName":"test_T11ExportBoth.Test_ExportBoth#test_login","historyId":"0402444b5f7c6e7ab6591eecf73c0291","time":{"start":1766098027136,"stop":1766098029917,"duration":2781},"status":"broken","statusMessage":"selenium.common.exceptions.ElementClickInterceptedException: Message: element click intercepted: Element <span class=\"text-sm font-medium text-slate-900 dark:text-slate-100\">...</span> is not clickable at point (120, 10). Other element would receive the click: <nav class=\"bg-slate-50 dark:bg-slate-900 border-b border-slate-200 dark:border-slate-700 px-6 py-3\">...</nav>\n  (Session info: chrome=143.0.7499.169); For documentation on this error, please visit: https://www.selenium.dev/documentation/webdriver/troubleshooting/errors#elementclickinterceptedexception\nStacktrace:\n#0 0x562ef750c61a <unknown>\n#1 0x562ef6f8920b <unknown>\n#2 0x562ef6fe1694 <unknown>\n#3 0x562ef6fdf558 <unknown>\n#4 0x562ef6fdcc7a <unknown>\n#5 0x562ef6fdbdb9 <unknown>\n#6 0x562ef6fcf0c2 <unknown>\n#7 0x562ef6fcea67 <unknown>\n#8 0x562ef702620e <unknown>\n#9 0x562ef6fcd232 <unknown>\n#10 0x562ef6fcdee1 <unknown>\n#11 0x562ef74d53f9 <unknown>\n#12 0x562ef74d834d <unknown>\n#13 0x562ef74be122 <unknown>\n#14 0x562ef74d8f2b <unknown>\n#15 0x562ef74a4c30 <unknown>\n#16 0x562ef74f9d78 <unknown>\n#17 0x562ef74f9f4c <unknown>\n#18 0x562ef750b973 <unknown>\n#19 0x7f5a41c9caa4 <unknown>\n#20 0x7f5a41d29c6c <unknown>","statusTrace":"self = <testScripts.test_T11ExportBoth.Test_ExportBoth object at 0x7f9b92c84690>\nsetup = <selenium.webdriver.chrome.webdriver.WebDriver (session=\"74f3e53a475b7e6781138c372e0890ea\")>\n\n    def test_login(self, setup):\n        self.nwccu = setup\n        self.login(self.nwccu)\n        self.logger.info(\"******** Verifying Login Test ********\")\n        self.logger.info(\"******** Define the ExportDataPage Driver ********\")\n        self.edp = ExportDataPage(self.nwccu)\n        self.hp = HomePage(self.nwccu)\n        self.logger.info(\"********Change to Dark Mode ********\")\n        self.hp.btnDarkLightMode()\n    \n        self.logger.info(\"********Scroll Until the the Export Button is Visible ********\")\n        self.nwccu.execute_script(\"window.scrollTo(0, document.body.scrollHeight);\")\n        # self.nwccu.execute_script(\"window.scrollBy(0, 2150);\")\n        self.logger.info(\"********Select the Export Data Button ********\")\n>       self.edp.exportData()\n\ntestScripts/test_T11ExportBoth.py:29: \n_ _ _ _ _ _ _ _ _ _ _ _ _ _ _ _ _ _ _ _ _ _ _ _ _ _ _ _ _ _ _ _ _ _ _ _ _ _ _ _ \nPages/ExportDataPage.py:11: in exportData\n    WebDriverWait(self.nwccu, 10).until(EC.element_to_be_clickable((By.XPATH, \"//span[normalize-space()='Export Data']\"))).click()\n/opt/hostedtoolcache/Python/3.11.14/x64/lib/python3.11/site-packages/selenium/webdriver/remote/webelement.py:114: in click\n    self._execute(Command.CLICK_ELEMENT)\n/opt/hostedtoolcache/Python/3.11.14/x64/lib/python3.11/site-packages/selenium/webdriver/remote/webelement.py:508: in _execute\n    return self._parent.execute(command, params)\n           ^^^^^^^^^^^^^^^^^^^^^^^^^^^^^^^^^^^^^\n/opt/hostedtoolcache/Python/3.11.14/x64/lib/python3.11/site-packages/selenium/webdriver/remote/webdriver.py:432: in execute\n    self.error_handler.check_response(response)\n_ _ _ _ _ _ _ _ _ _ _ _ _ _ _ _ _ _ _ _ _ _ _ _ _ _ _ _ _ _ _ _ _ _ _ _ _ _ _ _ \n\nself = <selenium.webdriver.remote.errorhandler.ErrorHandler object at 0x7f9b91a678d0>\nresponse = {'status': 400, 'value': '{\"value\":{\"error\":\"element click intercepted\",\"message\":\"element click intercepted: Element ...\\\\n#18 0x562ef750b973 \\\\u003Cunknown>\\\\n#19 0x7f5a41c9caa4 \\\\u003Cunknown>\\\\n#20 0x7f5a41d29c6c \\\\u003Cunknown>\\\\n\"}}'}\n\n    def check_response(self, response: dict[str, Any]) -> None:\n        \"\"\"Check that a JSON response from the WebDriver does not have an error.\n    \n        Args:\n            response: The JSON response from the WebDriver server as a dictionary\n                object.\n    \n        Raises:\n            WebDriverException: If the response contains an error message.\n        \"\"\"\n        status = response.get(\"status\", None)\n        if not status or status == ErrorCode.SUCCESS:\n            return\n        value = None\n        message = response.get(\"message\", \"\")\n        screen: str = response.get(\"screen\", \"\")\n        stacktrace = None\n        if isinstance(status, int):\n            value_json = response.get(\"value\", None)\n            if value_json and isinstance(value_json, str):\n                try:\n                    value = json.loads(value_json)\n                    if isinstance(value, dict):\n                        if len(value) == 1:\n                            value = value[\"value\"]\n                        status = value.get(\"error\", None)\n                        if not status:\n                            status = value.get(\"status\", ErrorCode.UNKNOWN_ERROR)\n                            message = value.get(\"value\") or value.get(\"message\")\n                            if not isinstance(message, str):\n                                value = message\n                                message = message.get(\"message\") if isinstance(message, dict) else None\n                        else:\n                            message = value.get(\"message\", None)\n                except ValueError:\n                    pass\n    \n        exception_class: type[WebDriverException]\n        e = ErrorCode()\n        error_codes = [item for item in dir(e) if not item.startswith(\"__\")]\n        for error_code in error_codes:\n            error_info = getattr(ErrorCode, error_code)\n            if isinstance(error_info, list) and status in error_info:\n                exception_class = getattr(ExceptionMapping, error_code, WebDriverException)\n                break\n        else:\n            exception_class = WebDriverException\n    \n        if not value:\n            value = response[\"value\"]\n        if isinstance(value, str):\n            raise exception_class(value)\n        if message == \"\" and \"message\" in value:\n            message = value[\"message\"]\n    \n        screen = None  # type: ignore[assignment]\n        if \"screen\" in value:\n            screen = value[\"screen\"]\n    \n        stacktrace = None\n        st_value = value.get(\"stackTrace\") or value.get(\"stacktrace\")\n        if st_value:\n            if isinstance(st_value, str):\n                stacktrace = st_value.split(\"\\n\")\n            else:\n                stacktrace = []\n                try:\n                    for frame in st_value:\n                        line = frame.get(\"lineNumber\", \"\")\n                        file = frame.get(\"fileName\", \"<anonymous>\")\n                        if line:\n                            file = f\"{file}:{line}\"\n                        meth = frame.get(\"methodName\", \"<anonymous>\")\n                        if \"className\" in frame:\n                            meth = f\"{frame['className']}.{meth}\"\n                        msg = \"    at %s (%s)\"\n                        msg = msg % (meth, file)\n                        stacktrace.append(msg)\n                except TypeError:\n                    pass\n        if exception_class == UnexpectedAlertPresentException:\n            alert_text = None\n            if \"data\" in value:\n                alert_text = value[\"data\"].get(\"text\")\n            elif \"alert\" in value:\n                alert_text = value[\"alert\"].get(\"text\")\n            raise exception_class(message, screen, stacktrace, alert_text)  # type: ignore[call-arg]  # mypy is not smart enough here\n>       raise exception_class(message, screen, stacktrace)\nE       selenium.common.exceptions.ElementClickInterceptedException: Message: element click intercepted: Element <span class=\"text-sm font-medium text-slate-900 dark:text-slate-100\">...</span> is not clickable at point (120, 10). Other element would receive the click: <nav class=\"bg-slate-50 dark:bg-slate-900 border-b border-slate-200 dark:border-slate-700 px-6 py-3\">...</nav>\nE         (Session info: chrome=143.0.7499.169); For documentation on this error, please visit: https://www.selenium.dev/documentation/webdriver/troubleshooting/errors#elementclickinterceptedexception\nE       Stacktrace:\nE       #0 0x562ef750c61a <unknown>\nE       #1 0x562ef6f8920b <unknown>\nE       #2 0x562ef6fe1694 <unknown>\nE       #3 0x562ef6fdf558 <unknown>\nE       #4 0x562ef6fdcc7a <unknown>\nE       #5 0x562ef6fdbdb9 <unknown>\nE       #6 0x562ef6fcf0c2 <unknown>\nE       #7 0x562ef6fcea67 <unknown>\nE       #8 0x562ef702620e <unknown>\nE       #9 0x562ef6fcd232 <unknown>\nE       #10 0x562ef6fcdee1 <unknown>\nE       #11 0x562ef74d53f9 <unknown>\nE       #12 0x562ef74d834d <unknown>\nE       #13 0x562ef74be122 <unknown>\nE       #14 0x562ef74d8f2b <unknown>\nE       #15 0x562ef74a4c30 <unknown>\nE       #16 0x562ef74f9d78 <unknown>\nE       #17 0x562ef74f9f4c <unknown>\nE       #18 0x562ef750b973 <unknown>\nE       #19 0x7f5a41c9caa4 <unknown>\nE       #20 0x7f5a41d29c6c <unknown>\n\n/opt/hostedtoolcache/Python/3.11.14/x64/lib/python3.11/site-packages/selenium/webdriver/remote/errorhandler.py:232: ElementClickInterceptedException","flaky":false,"newFailed":false,"newBroken":false,"newPassed":false,"retriesCount":0,"retriesStatusChange":false,"beforeStages":[{"name":"setup","time":{"start":1766098026696,"stop":1766098027135,"duration":439},"status":"passed","steps":[],"attachments":[],"parameters":[],"shouldDisplayMessage":false,"stepsCount":0,"attachmentsCount":0,"hasContent":false,"attachmentStep":false},{"name":"browser","time":{"start":1766098026696,"stop":1766098026696,"duration":0},"status":"passed","steps":[],"attachments":[],"parameters":[],"shouldDisplayMessage":false,"stepsCount":0,"attachmentsCount":0,"hasContent":false,"attachmentStep":false}],"testStage":{"status":"broken","statusMessage":"selenium.common.exceptions.ElementClickInterceptedException: Message: element click intercepted: Element <span class=\"text-sm font-medium text-slate-900 dark:text-slate-100\">...</span> is not clickable at point (120, 10). Other element would receive the click: <nav class=\"bg-slate-50 dark:bg-slate-900 border-b border-slate-200 dark:border-slate-700 px-6 py-3\">...</nav>\n  (Session info: chrome=143.0.7499.169); For documentation on this error, please visit: https://www.selenium.dev/documentation/webdriver/troubleshooting/errors#elementclickinterceptedexception\nStacktrace:\n#0 0x562ef750c61a <unknown>\n#1 0x562ef6f8920b <unknown>\n#2 0x562ef6fe1694 <unknown>\n#3 0x562ef6fdf558 <unknown>\n#4 0x562ef6fdcc7a <unknown>\n#5 0x562ef6fdbdb9 <unknown>\n#6 0x562ef6fcf0c2 <unknown>\n#7 0x562ef6fcea67 <unknown>\n#8 0x562ef702620e <unknown>\n#9 0x562ef6fcd232 <unknown>\n#10 0x562ef6fcdee1 <unknown>\n#11 0x562ef74d53f9 <unknown>\n#12 0x562ef74d834d <unknown>\n#13 0x562ef74be122 <unknown>\n#14 0x562ef74d8f2b <unknown>\n#15 0x562ef74a4c30 <unknown>\n#16 0x562ef74f9d78 <unknown>\n#17 0x562ef74f9f4c <unknown>\n#18 0x562ef750b973 <unknown>\n#19 0x7f5a41c9caa4 <unknown>\n#20 0x7f5a41d29c6c <unknown>","statusTrace":"self = <testScripts.test_T11ExportBoth.Test_ExportBoth object at 0x7f9b92c84690>\nsetup = <selenium.webdriver.chrome.webdriver.WebDriver (session=\"74f3e53a475b7e6781138c372e0890ea\")>\n\n    def test_login(self, setup):\n        self.nwccu = setup\n        self.login(self.nwccu)\n        self.logger.info(\"******** Verifying Login Test ********\")\n        self.logger.info(\"******** Define the ExportDataPage Driver ********\")\n        self.edp = ExportDataPage(self.nwccu)\n        self.hp = HomePage(self.nwccu)\n        self.logger.info(\"********Change to Dark Mode ********\")\n        self.hp.btnDarkLightMode()\n    \n        self.logger.info(\"********Scroll Until the the Export Button is Visible ********\")\n        self.nwccu.execute_script(\"window.scrollTo(0, document.body.scrollHeight);\")\n        # self.nwccu.execute_script(\"window.scrollBy(0, 2150);\")\n        self.logger.info(\"********Select the Export Data Button ********\")\n>       self.edp.exportData()\n\ntestScripts/test_T11ExportBoth.py:29: \n_ _ _ _ _ _ _ _ _ _ _ _ _ _ _ _ _ _ _ _ _ _ _ _ _ _ _ _ _ _ _ _ _ _ _ _ _ _ _ _ \nPages/ExportDataPage.py:11: in exportData\n    WebDriverWait(self.nwccu, 10).until(EC.element_to_be_clickable((By.XPATH, \"//span[normalize-space()='Export Data']\"))).click()\n/opt/hostedtoolcache/Python/3.11.14/x64/lib/python3.11/site-packages/selenium/webdriver/remote/webelement.py:114: in click\n    self._execute(Command.CLICK_ELEMENT)\n/opt/hostedtoolcache/Python/3.11.14/x64/lib/python3.11/site-packages/selenium/webdriver/remote/webelement.py:508: in _execute\n    return self._parent.execute(command, params)\n           ^^^^^^^^^^^^^^^^^^^^^^^^^^^^^^^^^^^^^\n/opt/hostedtoolcache/Python/3.11.14/x64/lib/python3.11/site-packages/selenium/webdriver/remote/webdriver.py:432: in execute\n    self.error_handler.check_response(response)\n_ _ _ _ _ _ _ _ _ _ _ _ _ _ _ _ _ _ _ _ _ _ _ _ _ _ _ _ _ _ _ _ _ _ _ _ _ _ _ _ \n\nself = <selenium.webdriver.remote.errorhandler.ErrorHandler object at 0x7f9b91a678d0>\nresponse = {'status': 400, 'value': '{\"value\":{\"error\":\"element click intercepted\",\"message\":\"element click intercepted: Element ...\\\\n#18 0x562ef750b973 \\\\u003Cunknown>\\\\n#19 0x7f5a41c9caa4 \\\\u003Cunknown>\\\\n#20 0x7f5a41d29c6c \\\\u003Cunknown>\\\\n\"}}'}\n\n    def check_response(self, response: dict[str, Any]) -> None:\n        \"\"\"Check that a JSON response from the WebDriver does not have an error.\n    \n        Args:\n            response: The JSON response from the WebDriver server as a dictionary\n                object.\n    \n        Raises:\n            WebDriverException: If the response contains an error message.\n        \"\"\"\n        status = response.get(\"status\", None)\n        if not status or status == ErrorCode.SUCCESS:\n            return\n        value = None\n        message = response.get(\"message\", \"\")\n        screen: str = response.get(\"screen\", \"\")\n        stacktrace = None\n        if isinstance(status, int):\n            value_json = response.get(\"value\", None)\n            if value_json and isinstance(value_json, str):\n                try:\n                    value = json.loads(value_json)\n                    if isinstance(value, dict):\n                        if len(value) == 1:\n                            value = value[\"value\"]\n                        status = value.get(\"error\", None)\n                        if not status:\n                            status = value.get(\"status\", ErrorCode.UNKNOWN_ERROR)\n                            message = value.get(\"value\") or value.get(\"message\")\n                            if not isinstance(message, str):\n                                value = message\n                                message = message.get(\"message\") if isinstance(message, dict) else None\n                        else:\n                            message = value.get(\"message\", None)\n                except ValueError:\n                    pass\n    \n        exception_class: type[WebDriverException]\n        e = ErrorCode()\n        error_codes = [item for item in dir(e) if not item.startswith(\"__\")]\n        for error_code in error_codes:\n            error_info = getattr(ErrorCode, error_code)\n            if isinstance(error_info, list) and status in error_info:\n                exception_class = getattr(ExceptionMapping, error_code, WebDriverException)\n                break\n        else:\n            exception_class = WebDriverException\n    \n        if not value:\n            value = response[\"value\"]\n        if isinstance(value, str):\n            raise exception_class(value)\n        if message == \"\" and \"message\" in value:\n            message = value[\"message\"]\n    \n        screen = None  # type: ignore[assignment]\n        if \"screen\" in value:\n            screen = value[\"screen\"]\n    \n        stacktrace = None\n        st_value = value.get(\"stackTrace\") or value.get(\"stacktrace\")\n        if st_value:\n            if isinstance(st_value, str):\n                stacktrace = st_value.split(\"\\n\")\n            else:\n                stacktrace = []\n                try:\n                    for frame in st_value:\n                        line = frame.get(\"lineNumber\", \"\")\n                        file = frame.get(\"fileName\", \"<anonymous>\")\n                        if line:\n                            file = f\"{file}:{line}\"\n                        meth = frame.get(\"methodName\", \"<anonymous>\")\n                        if \"className\" in frame:\n                            meth = f\"{frame['className']}.{meth}\"\n                        msg = \"    at %s (%s)\"\n                        msg = msg % (meth, file)\n                        stacktrace.append(msg)\n                except TypeError:\n                    pass\n        if exception_class == UnexpectedAlertPresentException:\n            alert_text = None\n            if \"data\" in value:\n                alert_text = value[\"data\"].get(\"text\")\n            elif \"alert\" in value:\n                alert_text = value[\"alert\"].get(\"text\")\n            raise exception_class(message, screen, stacktrace, alert_text)  # type: ignore[call-arg]  # mypy is not smart enough here\n>       raise exception_class(message, screen, stacktrace)\nE       selenium.common.exceptions.ElementClickInterceptedException: Message: element click intercepted: Element <span class=\"text-sm font-medium text-slate-900 dark:text-slate-100\">...</span> is not clickable at point (120, 10). Other element would receive the click: <nav class=\"bg-slate-50 dark:bg-slate-900 border-b border-slate-200 dark:border-slate-700 px-6 py-3\">...</nav>\nE         (Session info: chrome=143.0.7499.169); For documentation on this error, please visit: https://www.selenium.dev/documentation/webdriver/troubleshooting/errors#elementclickinterceptedexception\nE       Stacktrace:\nE       #0 0x562ef750c61a <unknown>\nE       #1 0x562ef6f8920b <unknown>\nE       #2 0x562ef6fe1694 <unknown>\nE       #3 0x562ef6fdf558 <unknown>\nE       #4 0x562ef6fdcc7a <unknown>\nE       #5 0x562ef6fdbdb9 <unknown>\nE       #6 0x562ef6fcf0c2 <unknown>\nE       #7 0x562ef6fcea67 <unknown>\nE       #8 0x562ef702620e <unknown>\nE       #9 0x562ef6fcd232 <unknown>\nE       #10 0x562ef6fcdee1 <unknown>\nE       #11 0x562ef74d53f9 <unknown>\nE       #12 0x562ef74d834d <unknown>\nE       #13 0x562ef74be122 <unknown>\nE       #14 0x562ef74d8f2b <unknown>\nE       #15 0x562ef74a4c30 <unknown>\nE       #16 0x562ef74f9d78 <unknown>\nE       #17 0x562ef74f9f4c <unknown>\nE       #18 0x562ef750b973 <unknown>\nE       #19 0x7f5a41c9caa4 <unknown>\nE       #20 0x7f5a41d29c6c <unknown>\n\n/opt/hostedtoolcache/Python/3.11.14/x64/lib/python3.11/site-packages/selenium/webdriver/remote/errorhandler.py:232: ElementClickInterceptedException","steps":[],"attachments":[{"uid":"5bfa742b07c816aa","name":"log","source":"5bfa742b07c816aa.txt","type":"text/plain","size":907}],"parameters":[],"shouldDisplayMessage":true,"stepsCount":0,"attachmentsCount":1,"hasContent":true,"attachmentStep":false},"afterStages":[],"labels":[{"name":"suite","value":"test_T11ExportBoth"},{"name":"subSuite","value":"Test_ExportBoth"},{"name":"host","value":"runnervmh13bl"},{"name":"thread","value":"2572-MainThread"},{"name":"framework","value":"pytest"},{"name":"language","value":"cpython3"},{"name":"package","value":"test_T11ExportBoth"},{"name":"resultFormat","value":"allure2"}],"parameters":[],"links":[],"hidden":false,"retry":false,"extra":{"severity":"normal","retries":[],"categories":[{"name":"Test defects","matchedStatuses":[],"flaky":false}],"tags":[]},"source":"8d7a6b626186145b.json","parameterValues":[]}